<?xml version="1.0" encoding="UTF-8"?>
<!-- Generated by org.testng.reporters.JUnitXMLReporter -->
<testsuite ignored="0" hostname="DESKTOP-FUBA5B9" failures="0" tests="3" name="Default test" time="27.182" errors="0" timestamp="2024-03-24T15:56:33 IST">
  <testcase classname="com.test.carttest" name="loginpagetest" time="3.309"/>
  <testcase classname="com.test.carttest" name="homepagetest" time="8.433"/>
  <testcase classname="com.test.carttest" name="cartpagetest" time="15.4"/>
</testsuite> <!-- Default test -->
