<?xml version="1.0" encoding="UTF-8"?>
<testng-results ignored="0" total="3" passed="3" failed="0" skipped="0">
  <reporter-output>
  </reporter-output>
  <suite started-at="2024-03-24T15:56:06 IST" name="Default suite" finished-at="2024-03-24T15:56:33 IST" duration-ms="27182">
    <groups>
    </groups>
    <test started-at="2024-03-24T15:56:06 IST" name="Default test" finished-at="2024-03-24T15:56:33 IST" duration-ms="27182">
      <class name="com.test.carttest">
        <test-method signature="loginpagetest()[pri:1, instance:com.test.carttest@75329a49]" started-at="2024-03-24T15:56:06 IST" name="loginpagetest" finished-at="2024-03-24T15:56:09 IST" duration-ms="3309" status="PASS">
          <reporter-output>
          </reporter-output>
        </test-method> <!-- loginpagetest -->
        <test-method signature="homepagetest()[pri:2, instance:com.test.carttest@75329a49]" started-at="2024-03-24T15:56:09 IST" name="homepagetest" finished-at="2024-03-24T15:56:17 IST" duration-ms="8433" status="PASS">
          <reporter-output>
          </reporter-output>
        </test-method> <!-- homepagetest -->
        <test-method signature="cartpagetest()[pri:3, instance:com.test.carttest@75329a49]" started-at="2024-03-24T15:56:17 IST" name="cartpagetest" finished-at="2024-03-24T15:56:33 IST" duration-ms="15400" status="PASS">
          <reporter-output>
          </reporter-output>
        </test-method> <!-- cartpagetest -->
      </class> <!-- com.test.carttest -->
    </test> <!-- Default test -->
  </suite> <!-- Default suite -->
</testng-results>
